# JRE version: OpenJDK Runtime Environment (8.0_242-b01) (build 1.8.0_242-release-1644-b01)
# Java VM: OpenJDK 64-Bit Server VM (25.242-b01 mixed mode windows-amd64 compressed oops)
Heap:
 PSYoungGen      total 477696K, used 67890K [0x00000000d5580000, 0x00000000f4f80000, 0x0000000100000000)
  eden space 437248K, 15% used [0x00000000d5580000,0x00000000d97cc948,0x00000000f0080000)
  from space 40448K, 0% used [0x00000000f0080000,0x00000000f0080000,0x00000000f2800000)
  to   space 38400K, 0% used [0x00000000f2a00000,0x00000000f2a00000,0x00000000f4f80000)
 ParOldGen       total 145408K, used 141777K [0x0000000080000000, 0x0000000088e00000, 0x00000000d5580000)
  object space 145408K, 97% used [0x0000000080000000,0x0000000088a74730,0x0000000088e00000)
 Metaspace       used 92323K, capacity 96600K, committed 98328K, reserved 1134592K
  class space    used 12106K, capacity 12901K, committed 13360K, reserved 1048576K
GC Heap History (10 events):
Event: 55.013 GC heap before
{Heap before GC invocations=37 (full 6):
 PSYoungGen      total 475648K, used 462438K [0x00000000d5580000, 0x00000000f4f80000, 0x0000000100000000)
  eden space 437248K, 100% used [0x00000000d5580000,0x00000000f0080000,0x00000000f0080000)
  from space 38400K, 65% used [0x00000000f2a00000,0x00000000f4299a48,0x00000000f4f80000)
  to   space 40448K, 0% used [0x00000000f0080000,0x00000000f0080000,0x00000000f2800000)
 ParOldGen       total 129024K, used 88617K [0x0000000080000000, 0x0000000087e00000, 0x00000000d5580000)
  object space 129024K, 68% used [0x0000000080000000,0x000000008568a6c0,0x0000000087e00000)
 Metaspace       used 91407K, capacity 95500K, committed 97432K, reserved 1134592K
  class space    used 12035K, capacity 12807K, committed 13232K, reserved 1048576K
Event: 55.051 GC heap after
Heap after GC invocations=37 (full 6):
 PSYoungGen      total 477696K, used 28469K [0x00000000d5580000, 0x00000000f4f80000, 0x0000000100000000)
  eden space 437248K, 0% used [0x00000000d5580000,0x00000000d5580000,0x00000000f0080000)
  from space 40448K, 70% used [0x00000000f0080000,0x00000000f1c4d698,0x00000000f2800000)
  to   space 38400K, 0% used [0x00000000f2a00000,0x00000000f2a00000,0x00000000f4f80000)
 ParOldGen       total 129024K, used 88625K [0x0000000080000000, 0x0000000087e00000, 0x00000000d5580000)
  object space 129024K, 68% used [0x0000000080000000,0x000000008568c6c0,0x0000000087e00000)
 Metaspace       used 91407K, capacity 95500K, committed 97432K, reserved 1134592K
  class space    used 12035K, capacity 12807K, committed 13232K, reserved 1048576K
}
Event: 55.795 GC heap before
{Heap before GC invocations=38 (full 6):
 PSYoungGen      total 477696K, used 465717K [0x00000000d5580000, 0x00000000f4f80000, 0x0000000100000000)
  eden space 437248K, 100% used [0x00000000d5580000,0x00000000f0080000,0x00000000f0080000)
  from space 40448K, 70% used [0x00000000f0080000,0x00000000f1c4d698,0x00000000f2800000)
  to   space 38400K, 0% used [0x00000000f2a00000,0x00000000f2a00000,0x00000000f4f80000)
 ParOldGen       total 129024K, used 88625K [0x0000000080000000, 0x0000000087e00000, 0x00000000d5580000)
  object space 129024K, 68% used [0x0000000080000000,0x000000008568c6c0,0x0000000087e00000)
 Metaspace       used 91476K, capacity 95572K, committed 97432K, reserved 1134592K
  class space    used 12037K, capacity 12809K, committed 13232K, reserved 1048576K
Event: 55.826 GC heap after
Heap after GC invocations=38 (full 6):
 PSYoungGen      total 475648K, used 29928K [0x00000000d5580000, 0x00000000f4f80000, 0x0000000100000000)
  eden space 437248K, 0% used [0x00000000d5580000,0x00000000d5580000,0x00000000f0080000)
  from space 38400K, 77% used [0x00000000f2a00000,0x00000000f473a128,0x00000000f4f80000)
  to   space 40448K, 0% used [0x00000000f0080000,0x00000000f0080000,0x00000000f2800000)
 ParOldGen       total 129024K, used 88633K [0x0000000080000000, 0x0000000087e00000, 0x00000000d5580000)
  object space 129024K, 68% used [0x0000000080000000,0x000000008568e6c0,0x0000000087e00000)
 Metaspace       used 91476K, capacity 95572K, committed 97432K, reserved 1134592K
  class space    used 12037K, capacity 12809K, committed 13232K, reserved 1048576K
}
Event: 57.126 GC heap before
{Heap before GC invocations=39 (full 6):
 PSYoungGen      total 475648K, used 467176K [0x00000000d5580000, 0x00000000f4f80000, 0x0000000100000000)
  eden space 437248K, 100% used [0x00000000d5580000,0x00000000f0080000,0x00000000f0080000)
  from space 38400K, 77% used [0x00000000f2a00000,0x00000000f473a128,0x00000000f4f80000)
  to   space 40448K, 0% used [0x00000000f0080000,0x00000000f0080000,0x00000000f2800000)
 ParOldGen       total 129024K, used 88633K [0x0000000080000000, 0x0000000087e00000, 0x00000000d5580000)
  object space 129024K, 68% used [0x0000000080000000,0x000000008568e6c0,0x0000000087e00000)
 Metaspace       used 91972K, capacity 96264K, committed 98072K, reserved 1134592K
  class space    used 12103K, capacity 12917K, committed 13360K, reserved 1048576K
Event: 57.158 GC heap after
Heap after GC invocations=39 (full 6):
 PSYoungGen      total 477696K, used 24575K [0x00000000d5580000, 0x00000000f4f80000, 0x0000000100000000)
  eden space 437248K, 0% used [0x00000000d5580000,0x00000000d5580000,0x00000000f0080000)
  from space 40448K, 60% used [0x00000000f0080000,0x00000000f187fd98,0x00000000f2800000)
  to   space 38400K, 0% used [0x00000000f2a00000,0x00000000f2a00000,0x00000000f4f80000)
 ParOldGen       total 129024K, used 88641K [0x0000000080000000, 0x0000000087e00000, 0x00000000d5580000)
  object space 129024K, 68% used [0x0000000080000000,0x00000000856906c0,0x0000000087e00000)
 Metaspace       used 91972K, capacity 96264K, committed 98072K, reserved 1134592K
  class space    used 12103K, capacity 12917K, committed 13360K, reserved 1048576K
}
Event: 60.332 GC heap before
{Heap before GC invocations=40 (full 6):
 PSYoungGen      total 477696K, used 461823K [0x00000000d5580000, 0x00000000f4f80000, 0x0000000100000000)
  eden space 437248K, 100% used [0x00000000d5580000,0x00000000f0080000,0x00000000f0080000)
  from space 40448K, 60% used [0x00000000f0080000,0x00000000f187fd98,0x00000000f2800000)
  to   space 38400K, 0% used [0x00000000f2a00000,0x00000000f2a00000,0x00000000f4f80000)
 ParOldGen       total 129024K, used 88641K [0x0000000080000000, 0x0000000087e00000, 0x00000000d5580000)
  object space 129024K, 68% used [0x0000000080000000,0x00000000856906c0,0x0000000087e00000)
 Metaspace       used 92168K, capacity 96418K, committed 98072K, reserved 1134592K
  class space    used 12105K, capacity 12918K, committed 13360K, reserved 1048576K
Event: 60.536 GC heap after
Heap after GC invocations=40 (full 6):
 PSYoungGen      total 477696K, used 461823K [0x00000000d5580000, 0x00000000f4f80000, 0x0000000100000000)
  eden space 437248K, 100% used [0x00000000d5580000,0x00000000f0080000,0x00000000f0080000)
  from space 40448K, 60% used [0x00000000f0080000,0x00000000f187fd98,0x00000000f2800000)
  to   space 38400K, 99% used [0x00000000f2a00000,0x00000000f4f7ecf0,0x00000000f4f80000)
 ParOldGen       total 145408K, used 145400K [0x0000000080000000, 0x0000000088e00000, 0x00000000d5580000)
  object space 145408K, 99% used [0x0000000080000000,0x0000000088dfe218,0x0000000088e00000)
 Metaspace       used 92168K, capacity 96418K, committed 98072K, reserved 1134592K
  class space    used 12105K, capacity 12918K, committed 13360K, reserved 1048576K
}
Event: 60.536 GC heap before
{Heap before GC invocations=41 (full 7):
 PSYoungGen      total 477696K, used 461823K [0x00000000d5580000, 0x00000000f4f80000, 0x0000000100000000)
  eden space 437248K, 100% used [0x00000000d5580000,0x00000000f0080000,0x00000000f0080000)
  from space 40448K, 60% used [0x00000000f0080000,0x00000000f187fd98,0x00000000f2800000)
  to   space 38400K, 99% used [0x00000000f2a00000,0x00000000f4f7ecf0,0x00000000f4f80000)
 ParOldGen       total 145408K, used 145400K [0x0000000080000000, 0x0000000088e00000, 0x00000000d5580000)
  object space 145408K, 99% used [0x0000000080000000,0x0000000088dfe218,0x0000000088e00000)
 Metaspace       used 92168K, capacity 96418K, committed 98072K, reserved 1134592K
  class space    used 12105K, capacity 12918K, committed 13360K, reserved 1048576K
Event: 61.087 GC heap after
Heap after GC invocations=41 (full 7):
 PSYoungGen      total 477696K, used 0K [0x00000000d5580000, 0x00000000f4f80000, 0x0000000100000000)
  eden space 437248K, 0% used [0x00000000d5580000,0x00000000d5580000,0x00000000f0080000)
  from space 40448K, 0% used [0x00000000f0080000,0x00000000f0080000,0x00000000f2800000)
  to   space 38400K, 0% used [0x00000000f2a00000,0x00000000f2a00000,0x00000000f4f80000)
 ParOldGen       total 145408K, used 141777K [0x0000000080000000, 0x0000000088e00000, 0x00000000d5580000)
  object space 145408K, 97% used [0x0000000080000000,0x0000000088a74730,0x0000000088e00000)
 Metaspace       used 92135K, capacity 96336K, committed 98072K, reserved 1134592K
  class space    used 12095K, capacity 12899K, committed 13360K, reserved 1048576K
}

