# JRE version: OpenJDK Runtime Environment (8.0_242-b01) (build 1.8.0_242-release-1644-b01)
# Java VM: OpenJDK 64-Bit Server VM (25.242-b01 mixed mode windows-amd64 compressed oops)
Heap:
 PSYoungGen      total 647680K, used 8203K [0x00000000d5580000, 0x00000000fff00000, 0x0000000100000000)
  eden space 598528K, 1% used [0x00000000d5580000,0x00000000d5d82de0,0x00000000f9e00000)
  from space 49152K, 0% used [0x00000000fcf00000,0x00000000fcf00000,0x00000000fff00000)
  to   space 49664K, 0% used [0x00000000f9e00000,0x00000000f9e00000,0x00000000fce80000)
 ParOldGen       total 199168K, used 61113K [0x0000000080000000, 0x000000008c280000, 0x00000000d5580000)
  object space 199168K, 30% used [0x0000000080000000,0x0000000083bae6b0,0x000000008c280000)
 Metaspace       used 104278K, capacity 109490K, committed 114072K, reserved 1148928K
  class space    used 12985K, capacity 13913K, committed 15024K, reserved 1048576K
GC Heap History (10 events):
Event: 9186.982 GC heap before
{Heap before GC invocations=39 (full 4):
 PSYoungGen      total 638464K, used 611751K [0x00000000d5580000, 0x00000000ffa00000, 0x0000000100000000)
  eden space 590336K, 100% used [0x00000000d5580000,0x00000000f9600000,0x00000000f9600000)
  from space 48128K, 44% used [0x00000000fcb00000,0x00000000fdfe9fe8,0x00000000ffa00000)
  to   space 51200K, 0% used [0x00000000f9600000,0x00000000f9600000,0x00000000fc800000)
 ParOldGen       total 199168K, used 78272K [0x0000000080000000, 0x000000008c280000, 0x00000000d5580000)
  object space 199168K, 39% used [0x0000000080000000,0x0000000084c702f8,0x000000008c280000)
 Metaspace       used 99563K, capacity 106844K, committed 107032K, reserved 1142784K
  class space    used 12677K, capacity 14103K, committed 14128K, reserved 1048576K
Event: 9187.002 GC heap after
Heap after GC invocations=39 (full 4):
 PSYoungGen      total 641536K, used 13701K [0x00000000d5580000, 0x0000000100000000, 0x0000000100000000)
  eden space 590336K, 0% used [0x00000000d5580000,0x00000000d5580000,0x00000000f9600000)
  from space 51200K, 26% used [0x00000000f9600000,0x00000000fa3617d0,0x00000000fc800000)
  to   space 49664K, 0% used [0x00000000fcf80000,0x00000000fcf80000,0x0000000100000000)
 ParOldGen       total 199168K, used 78947K [0x0000000080000000, 0x000000008c280000, 0x00000000d5580000)
  object space 199168K, 39% used [0x0000000080000000,0x0000000084d18d78,0x000000008c280000)
 Metaspace       used 99563K, capacity 106844K, committed 107032K, reserved 1142784K
  class space    used 12677K, capacity 14103K, committed 14128K, reserved 1048576K
}
Event: 9189.921 GC heap before
{Heap before GC invocations=40 (full 4):
 PSYoungGen      total 641536K, used 604037K [0x00000000d5580000, 0x0000000100000000, 0x0000000100000000)
  eden space 590336K, 100% used [0x00000000d5580000,0x00000000f9600000,0x00000000f9600000)
  from space 51200K, 26% used [0x00000000f9600000,0x00000000fa3617d0,0x00000000fc800000)
  to   space 49664K, 0% used [0x00000000fcf80000,0x00000000fcf80000,0x0000000100000000)
 ParOldGen       total 199168K, used 78947K [0x0000000080000000, 0x000000008c280000, 0x00000000d5580000)
  object space 199168K, 39% used [0x0000000080000000,0x0000000084d18d78,0x000000008c280000)
 Metaspace       used 100462K, capacity 107754K, committed 107928K, reserved 1142784K
  class space    used 12772K, capacity 14180K, committed 14256K, reserved 1048576K
Event: 9189.971 GC heap after
Heap after GC invocations=40 (full 4):
 PSYoungGen      total 647168K, used 31378K [0x00000000d5580000, 0x0000000100000000, 0x0000000100000000)
  eden space 597504K, 0% used [0x00000000d5580000,0x00000000d5580000,0x00000000f9d00000)
  from space 49664K, 63% used [0x00000000fcf80000,0x00000000fee24a40,0x0000000100000000)
  to   space 50688K, 0% used [0x00000000f9d00000,0x00000000f9d00000,0x00000000fce80000)
 ParOldGen       total 199168K, used 81400K [0x0000000080000000, 0x000000008c280000, 0x00000000d5580000)
  object space 199168K, 40% used [0x0000000080000000,0x0000000084f7e0a8,0x000000008c280000)
 Metaspace       used 100462K, capacity 107754K, committed 107928K, reserved 1142784K
  class space    used 12772K, capacity 14180K, committed 14256K, reserved 1048576K
}
Event: 9192.992 GC heap before
{Heap before GC invocations=41 (full 4):
 PSYoungGen      total 647168K, used 628882K [0x00000000d5580000, 0x0000000100000000, 0x0000000100000000)
  eden space 597504K, 100% used [0x00000000d5580000,0x00000000f9d00000,0x00000000f9d00000)
  from space 49664K, 63% used [0x00000000fcf80000,0x00000000fee24a40,0x0000000100000000)
  to   space 50688K, 0% used [0x00000000f9d00000,0x00000000f9d00000,0x00000000fce80000)
 ParOldGen       total 199168K, used 81400K [0x0000000080000000, 0x000000008c280000, 0x00000000d5580000)
  object space 199168K, 40% used [0x0000000080000000,0x0000000084f7e0a8,0x000000008c280000)
 Metaspace       used 103736K, capacity 111166K, committed 111384K, reserved 1146880K
  class space    used 13112K, capacity 14584K, committed 14640K, reserved 1048576K
Event: 9193.013 GC heap after
Heap after GC invocations=41 (full 4):
 PSYoungGen      total 648192K, used 8887K [0x00000000d5580000, 0x0000000100000000, 0x0000000100000000)
  eden space 597504K, 0% used [0x00000000d5580000,0x00000000d5580000,0x00000000f9d00000)
  from space 50688K, 17% used [0x00000000f9d00000,0x00000000fa5adcc0,0x00000000fce80000)
  to   space 50176K, 0% used [0x00000000fcf00000,0x00000000fcf00000,0x0000000100000000)
 ParOldGen       total 199168K, used 83391K [0x0000000080000000, 0x000000008c280000, 0x00000000d5580000)
  object space 199168K, 41% used [0x0000000080000000,0x000000008516fed8,0x000000008c280000)
 Metaspace       used 103736K, capacity 111166K, committed 111384K, reserved 1146880K
  class space    used 13112K, capacity 14584K, committed 14640K, reserved 1048576K
}
Event: 9200.809 GC heap before
{Heap before GC invocations=42 (full 4):
 PSYoungGen      total 648192K, used 489414K [0x00000000d5580000, 0x0000000100000000, 0x0000000100000000)
  eden space 597504K, 80% used [0x00000000d5580000,0x00000000f2ac3d90,0x00000000f9d00000)
  from space 50688K, 17% used [0x00000000f9d00000,0x00000000fa5adcc0,0x00000000fce80000)
  to   space 50176K, 0% used [0x00000000fcf00000,0x00000000fcf00000,0x0000000100000000)
 ParOldGen       total 199168K, used 83391K [0x0000000080000000, 0x000000008c280000, 0x00000000d5580000)
  object space 199168K, 41% used [0x0000000080000000,0x000000008516fed8,0x000000008c280000)
 Metaspace       used 106242K, capacity 113844K, committed 114072K, reserved 1148928K
  class space    used 13455K, capacity 14901K, committed 15024K, reserved 1048576K
Event: 9200.826 GC heap after
Heap after GC invocations=42 (full 4):
 PSYoungGen      total 647680K, used 5291K [0x00000000d5580000, 0x00000000fff00000, 0x0000000100000000)
  eden space 598528K, 0% used [0x00000000d5580000,0x00000000d5580000,0x00000000f9e00000)
  from space 49152K, 10% used [0x00000000fcf00000,0x00000000fd42aee8,0x00000000fff00000)
  to   space 49664K, 0% used [0x00000000f9e00000,0x00000000f9e00000,0x00000000fce80000)
 ParOldGen       total 199168K, used 87161K [0x0000000080000000, 0x000000008c280000, 0x00000000d5580000)
  object space 199168K, 43% used [0x0000000080000000,0x000000008551e578,0x000000008c280000)
 Metaspace       used 106242K, capacity 113844K, committed 114072K, reserved 1148928K
  class space    used 13455K, capacity 14901K, committed 15024K, reserved 1048576K
}
Event: 9200.826 GC heap before
{Heap before GC invocations=43 (full 5):
 PSYoungGen      total 647680K, used 5291K [0x00000000d5580000, 0x00000000fff00000, 0x0000000100000000)
  eden space 598528K, 0% used [0x00000000d5580000,0x00000000d5580000,0x00000000f9e00000)
  from space 49152K, 10% used [0x00000000fcf00000,0x00000000fd42aee8,0x00000000fff00000)
  to   space 49664K, 0% used [0x00000000f9e00000,0x00000000f9e00000,0x00000000fce80000)
 ParOldGen       total 199168K, used 87161K [0x0000000080000000, 0x000000008c280000, 0x00000000d5580000)
  object space 199168K, 43% used [0x0000000080000000,0x000000008551e578,0x000000008c280000)
 Metaspace       used 106242K, capacity 113844K, committed 114072K, reserved 1148928K
  class space    used 13455K, capacity 14901K, committed 15024K, reserved 1048576K
Event: 9201.429 GC heap after
Heap after GC invocations=43 (full 5):
 PSYoungGen      total 647680K, used 0K [0x00000000d5580000, 0x00000000fff00000, 0x0000000100000000)
  eden space 598528K, 0% used [0x00000000d5580000,0x00000000d5580000,0x00000000f9e00000)
  from space 49152K, 0% used [0x00000000fcf00000,0x00000000fcf00000,0x00000000fff00000)
  to   space 49664K, 0% used [0x00000000f9e00000,0x00000000f9e00000,0x00000000fce80000)
 ParOldGen       total 199168K, used 61113K [0x0000000080000000, 0x000000008c280000, 0x00000000d5580000)
  object space 199168K, 30% used [0x0000000080000000,0x0000000083bae6b0,0x000000008c280000)
 Metaspace       used 103967K, capacity 109090K, committed 114072K, reserved 1148928K
  class space    used 12932K, capacity 13823K, committed 15024K, reserved 1048576K
}

